[System]
Scanner=SkyScan1275
Instrument S/N=19K15095
Software Version=1.8
Embedded Controller Version=3.5
Home Directory=C:\SkyScan1275
Source Type=HAMAMATSU_L10321_67
Camera Type=DEXELA_1512A
Camera Pixel Size (um)=74.8
Camera X/Y Ratio=1.0010
[User]
User Name=BEMP Lab User
Computer Name=SCAN1275-095
[Acquisition]
Data Directory=Z:\SS_2023\Group2\high energy_75keV CT
Filename Prefix=75kV_CuFilter
Number Of Files= 1201
Number Of Rows= 1536
Number Of Columns= 1944
Filename Index Length=8
Partial Width=OFF
Image crop origin X=0
Image crop origin Y=0
Camera binning=1x1
Image Rotation=0.02400
Optical Axis (line)=  786
Object to Source (mm)=94.369
Camera to Source (mm)=286.0
Source Voltage (kV)=  75
Source Current (uA)= 111
Image Pixel Size (um)=26.743874
Scaled Image Pixel Size (um)=26.743874
Image Format=TIFF
Depth (bits)=16
Reference Intensity=58000
Exposure (ms)=982
Rotation Step (deg)=0.300
Use 360 Rotation=YES
Scanning position=0.000 mm
Frame Averaging=OFF (2)
Random Movement=OFF (30)
Flat Field Correction=ON
FF updating interval=171
Beam position=-100
Filter=Cu 1mm
Gantry direction=CC
Rotation Direction=CC
Scanning Start Angle=0.000
Type of Detector Motion=STEP AND SHOOT
Scanning Trajectory=ROUND
Number Of Horizontal Offset Positions=1
Suggested HU - Calibration=180000
Study Date and Time=11 Oct 2023  15h:51m:34s
Scan duration=0h:41m:31s
